2021/11/19 20:40:55 [emerg] 1#1: host not found in upstream "php-fpm" in /etc/nginx/conf.d/default.conf:21
2021/11/19 20:44:36 [emerg] 1#1: host not found in upstream "php-fpm" in /etc/nginx/conf.d/default.conf:21
2021/11/19 20:46:25 [notice] 1#1: using the "epoll" event method
2021/11/19 20:46:25 [notice] 1#1: nginx/1.20.2
2021/11/19 20:46:25 [notice] 1#1: built by gcc 10.2.1 20210110 (Debian 10.2.1-6) 
2021/11/19 20:46:25 [notice] 1#1: OS: Linux 5.13.19-2-MANJARO
2021/11/19 20:46:25 [notice] 1#1: getrlimit(RLIMIT_NOFILE): 1048576:1048576
2021/11/19 20:46:25 [notice] 1#1: start worker processes
2021/11/19 20:46:25 [notice] 1#1: start worker process 30
2021/11/19 20:46:25 [notice] 1#1: start worker process 31
2021/11/19 20:46:25 [notice] 1#1: start worker process 32
2021/11/19 20:46:25 [notice] 1#1: start worker process 33
2021/11/19 20:46:25 [notice] 1#1: start worker process 34
2021/11/19 20:46:25 [notice] 1#1: start worker process 35
2021/11/19 20:46:25 [notice] 1#1: start worker process 36
2021/11/19 20:46:25 [notice] 1#1: start worker process 37
2021/11/19 20:46:43 [error] 31#31: *1 FastCGI sent in stderr: "Unable to open primary script: /var/www/public/index.php (No such file or directory)" while reading response header from upstream, client: 172.20.0.1, server: , request: "GET / HTTP/1.1", upstream: "fastcgi://172.20.0.2:9000", host: "localhost:8000"
2021/11/19 20:46:43 [error] 31#31: *1 FastCGI sent in stderr: "Unable to open primary script: /var/www/public/index.php (No such file or directory)" while reading response header from upstream, client: 172.20.0.1, server: , request: "GET /favicon.ico HTTP/1.1", upstream: "fastcgi://172.20.0.2:9000", host: "localhost:8000", referrer: "http://localhost:8000/"
2021/11/19 20:48:56 [error] 31#31: *4 FastCGI sent in stderr: "Unable to open primary script: /var/www/public/index.php (No such file or directory)" while reading response header from upstream, client: 172.20.0.1, server: , request: "GET / HTTP/1.1", upstream: "fastcgi://172.20.0.2:9000", host: "localhost:8000"
2021/11/19 20:48:57 [error] 31#31: *4 FastCGI sent in stderr: "Unable to open primary script: /var/www/public/index.php (No such file or directory)" while reading response header from upstream, client: 172.20.0.1, server: , request: "GET / HTTP/1.1", upstream: "fastcgi://172.20.0.2:9000", host: "localhost:8000"
2021/11/19 20:51:10 [notice] 1#1: signal 3 (SIGQUIT) received, shutting down
2021/11/19 20:51:10 [notice] 30#30: gracefully shutting down
2021/11/19 20:51:10 [notice] 31#31: gracefully shutting down
2021/11/19 20:51:10 [notice] 32#32: gracefully shutting down
2021/11/19 20:51:10 [notice] 33#33: gracefully shutting down
2021/11/19 20:51:10 [notice] 34#34: gracefully shutting down
2021/11/19 20:51:10 [notice] 30#30: exiting
2021/11/19 20:51:10 [notice] 31#31: exiting
2021/11/19 20:51:10 [notice] 35#35: gracefully shutting down
2021/11/19 20:51:10 [notice] 32#32: exiting
2021/11/19 20:51:10 [notice] 33#33: exiting
2021/11/19 20:51:10 [notice] 34#34: exiting
2021/11/19 20:51:10 [notice] 35#35: exiting
2021/11/19 20:51:10 [notice] 31#31: exit
2021/11/19 20:51:10 [notice] 30#30: exit
2021/11/19 20:51:10 [notice] 32#32: exit
2021/11/19 20:51:10 [notice] 34#34: exit
2021/11/19 20:51:10 [notice] 35#35: exit
2021/11/19 20:51:10 [notice] 33#33: exit
2021/11/19 20:51:10 [notice] 37#37: gracefully shutting down
2021/11/19 20:51:10 [notice] 37#37: exiting
2021/11/19 20:51:10 [notice] 37#37: exit
2021/11/19 20:51:10 [notice] 36#36: gracefully shutting down
2021/11/19 20:51:10 [notice] 36#36: exiting
2021/11/19 20:51:10 [notice] 36#36: exit
2021/11/19 20:51:10 [notice] 1#1: signal 17 (SIGCHLD) received from 36
2021/11/19 20:51:10 [notice] 1#1: worker process 36 exited with code 0
2021/11/19 20:51:10 [notice] 1#1: signal 29 (SIGIO) received
2021/11/19 20:51:10 [notice] 1#1: signal 17 (SIGCHLD) received from 32
2021/11/19 20:51:10 [notice] 1#1: worker process 32 exited with code 0
2021/11/19 20:51:10 [notice] 1#1: signal 29 (SIGIO) received
2021/11/19 20:51:10 [notice] 1#1: signal 17 (SIGCHLD) received from 30
2021/11/19 20:51:10 [notice] 1#1: worker process 30 exited with code 0
2021/11/19 20:51:10 [notice] 1#1: worker process 35 exited with code 0
2021/11/19 20:51:10 [notice] 1#1: signal 29 (SIGIO) received
2021/11/19 20:51:10 [notice] 1#1: signal 17 (SIGCHLD) received from 35
2021/11/19 20:51:10 [notice] 1#1: worker process 37 exited with code 0
2021/11/19 20:51:10 [notice] 1#1: signal 29 (SIGIO) received
2021/11/19 20:51:10 [notice] 1#1: signal 17 (SIGCHLD) received from 33
2021/11/19 20:51:10 [notice] 1#1: worker process 33 exited with code 0
2021/11/19 20:51:10 [notice] 1#1: worker process 34 exited with code 0
2021/11/19 20:51:10 [notice] 1#1: signal 29 (SIGIO) received
2021/11/19 20:51:10 [notice] 1#1: signal 17 (SIGCHLD) received from 34
2021/11/19 20:51:10 [notice] 1#1: signal 17 (SIGCHLD) received from 31
2021/11/19 20:51:10 [notice] 1#1: worker process 31 exited with code 0
2021/11/19 20:51:10 [notice] 1#1: exit
2021/11/19 20:52:35 [notice] 1#1: using the "epoll" event method
2021/11/19 20:52:35 [notice] 1#1: nginx/1.20.2
2021/11/19 20:52:35 [notice] 1#1: built by gcc 10.2.1 20210110 (Debian 10.2.1-6) 
2021/11/19 20:52:35 [notice] 1#1: OS: Linux 5.13.19-2-MANJARO
2021/11/19 20:52:35 [notice] 1#1: getrlimit(RLIMIT_NOFILE): 1048576:1048576
2021/11/19 20:52:35 [notice] 1#1: start worker processes
2021/11/19 20:52:35 [notice] 1#1: start worker process 30
2021/11/19 20:52:35 [notice] 1#1: start worker process 31
2021/11/19 20:52:35 [notice] 1#1: start worker process 32
2021/11/19 20:52:35 [notice] 1#1: start worker process 33
2021/11/19 20:52:35 [notice] 1#1: start worker process 34
2021/11/19 20:52:35 [notice] 1#1: start worker process 35
2021/11/19 20:52:35 [notice] 1#1: start worker process 36
2021/11/19 20:52:35 [notice] 1#1: start worker process 37
2021/11/19 20:52:38 [error] 30#30: *1 FastCGI sent in stderr: "Unable to open primary script: /var/www/public/index.php (No such file or directory)" while reading response header from upstream, client: 172.21.0.1, server: , request: "GET / HTTP/1.1", upstream: "fastcgi://172.21.0.4:9000", host: "localhost:8000"
2021/11/19 20:52:39 [error] 30#30: *1 FastCGI sent in stderr: "Unable to open primary script: /var/www/public/index.php (No such file or directory)" while reading response header from upstream, client: 172.21.0.1, server: , request: "GET / HTTP/1.1", upstream: "fastcgi://172.21.0.4:9000", host: "localhost:8000"
2021/11/19 20:52:40 [error] 30#30: *1 FastCGI sent in stderr: "Unable to open primary script: /var/www/public/index.php (No such file or directory)" while reading response header from upstream, client: 172.21.0.1, server: , request: "GET / HTTP/1.1", upstream: "fastcgi://172.21.0.4:9000", host: "localhost:8000"
2021/11/19 20:52:41 [error] 30#30: *1 FastCGI sent in stderr: "Unable to open primary script: /var/www/public/index.php (No such file or directory)" while reading response header from upstream, client: 172.21.0.1, server: , request: "GET / HTTP/1.1", upstream: "fastcgi://172.21.0.4:9000", host: "localhost:8000"
2021/11/19 20:52:48 [error] 30#30: *1 FastCGI sent in stderr: "Unable to open primary script: /var/www/public/index.php (No such file or directory)" while reading response header from upstream, client: 172.21.0.1, server: , request: "GET /publick HTTP/1.1", upstream: "fastcgi://172.21.0.4:9000", host: "localhost:8000"
2021/11/19 20:52:53 [notice] 1#1: signal 3 (SIGQUIT) received, shutting down
2021/11/19 20:52:53 [notice] 30#30: gracefully shutting down
2021/11/19 20:52:53 [notice] 31#31: gracefully shutting down
2021/11/19 20:52:53 [notice] 32#32: gracefully shutting down
2021/11/19 20:52:53 [notice] 31#31: exiting
2021/11/19 20:52:53 [notice] 32#32: exiting
2021/11/19 20:52:53 [notice] 31#31: exit
2021/11/19 20:52:53 [notice] 32#32: exit
2021/11/19 20:52:53 [notice] 30#30: exiting
2021/11/19 20:52:53 [notice] 30#30: exit
2021/11/19 20:52:53 [notice] 34#34: gracefully shutting down
2021/11/19 20:52:53 [notice] 36#36: gracefully shutting down
2021/11/19 20:52:53 [notice] 35#35: gracefully shutting down
2021/11/19 20:52:53 [notice] 33#33: gracefully shutting down
2021/11/19 20:52:53 [notice] 34#34: exiting
2021/11/19 20:52:53 [notice] 36#36: exiting
2021/11/19 20:52:53 [notice] 35#35: exiting
2021/11/19 20:52:53 [notice] 33#33: exiting
2021/11/19 20:52:53 [notice] 37#37: gracefully shutting down
2021/11/19 20:52:53 [notice] 34#34: exit
2021/11/19 20:52:53 [notice] 36#36: exit
2021/11/19 20:52:53 [notice] 37#37: exiting
2021/11/19 20:52:53 [notice] 33#33: exit
2021/11/19 20:52:53 [notice] 35#35: exit
2021/11/19 20:52:53 [notice] 37#37: exit
2021/11/19 20:52:53 [notice] 1#1: signal 17 (SIGCHLD) received from 31
2021/11/19 20:52:53 [notice] 1#1: worker process 31 exited with code 0
2021/11/19 20:52:53 [notice] 1#1: worker process 34 exited with code 0
2021/11/19 20:52:53 [notice] 1#1: signal 29 (SIGIO) received
2021/11/19 20:52:53 [notice] 1#1: signal 17 (SIGCHLD) received from 32
2021/11/19 20:52:53 [notice] 1#1: worker process 32 exited with code 0
2021/11/19 20:52:53 [notice] 1#1: signal 29 (SIGIO) received
2021/11/19 20:52:53 [notice] 1#1: signal 17 (SIGCHLD) received from 30
2021/11/19 20:52:53 [notice] 1#1: worker process 30 exited with code 0
2021/11/19 20:52:53 [notice] 1#1: signal 29 (SIGIO) received
2021/11/19 20:52:53 [notice] 1#1: signal 17 (SIGCHLD) received from 35
2021/11/19 20:52:53 [notice] 1#1: worker process 35 exited with code 0
2021/11/19 20:52:53 [notice] 1#1: worker process 36 exited with code 0
2021/11/19 20:52:53 [notice] 1#1: signal 29 (SIGIO) received
2021/11/19 20:52:53 [notice] 1#1: signal 17 (SIGCHLD) received from 37
2021/11/19 20:52:53 [notice] 1#1: worker process 33 exited with code 0
2021/11/19 20:52:53 [notice] 1#1: worker process 37 exited with code 0
2021/11/19 20:52:53 [notice] 1#1: exit
2021/11/19 20:54:12 [notice] 1#1: using the "epoll" event method
2021/11/19 20:54:12 [notice] 1#1: nginx/1.20.2
2021/11/19 20:54:12 [notice] 1#1: built by gcc 10.2.1 20210110 (Debian 10.2.1-6) 
2021/11/19 20:54:12 [notice] 1#1: OS: Linux 5.13.19-2-MANJARO
2021/11/19 20:54:12 [notice] 1#1: getrlimit(RLIMIT_NOFILE): 1048576:1048576
2021/11/19 20:54:12 [notice] 1#1: start worker processes
2021/11/19 20:54:12 [notice] 1#1: start worker process 30
2021/11/19 20:54:12 [notice] 1#1: start worker process 31
2021/11/19 20:54:12 [notice] 1#1: start worker process 32
2021/11/19 20:54:12 [notice] 1#1: start worker process 33
2021/11/19 20:54:12 [notice] 1#1: start worker process 34
2021/11/19 20:54:12 [notice] 1#1: start worker process 35
2021/11/19 20:54:12 [notice] 1#1: start worker process 36
2021/11/19 20:54:12 [notice] 1#1: start worker process 37
2021/11/19 20:54:24 [error] 30#30: *1 directory index of "/var/www/" is forbidden, client: 172.22.0.1, server: , request: "GET / HTTP/1.1", host: "localhost:8000"
2021/11/19 20:54:41 [error] 30#30: *1 FastCGI sent in stderr: "Unable to open primary script: /var/www/publick/index.php (No such file or directory)" while reading response header from upstream, client: 172.22.0.1, server: , request: "GET /publick/ HTTP/1.1", upstream: "fastcgi://172.22.0.3:9000", host: "localhost:8000"
2021/11/19 20:55:12 [error] 30#30: *1 directory index of "/var/www/" is forbidden, client: 172.22.0.1, server: , request: "GET / HTTP/1.1", host: "localhost:8000"
2021/11/19 20:55:18 [notice] 1#1: signal 3 (SIGQUIT) received, shutting down
2021/11/19 20:55:18 [notice] 30#30: gracefully shutting down
2021/11/19 20:55:18 [notice] 31#31: gracefully shutting down
2021/11/19 20:55:18 [notice] 32#32: gracefully shutting down
2021/11/19 20:55:18 [notice] 33#33: gracefully shutting down
2021/11/19 20:55:18 [notice] 31#31: exiting
2021/11/19 20:55:18 [notice] 37#37: gracefully shutting down
2021/11/19 20:55:18 [notice] 35#35: gracefully shutting down
2021/11/19 20:55:18 [notice] 32#32: exiting
2021/11/19 20:55:18 [notice] 34#34: gracefully shutting down
2021/11/19 20:55:18 [notice] 33#33: exiting
2021/11/19 20:55:18 [notice] 37#37: exiting
2021/11/19 20:55:18 [notice] 35#35: exiting
2021/11/19 20:55:18 [notice] 31#31: exit
2021/11/19 20:55:18 [notice] 30#30: exiting
2021/11/19 20:55:18 [notice] 32#32: exit
2021/11/19 20:55:18 [notice] 34#34: exiting
2021/11/19 20:55:18 [notice] 37#37: exit
2021/11/19 20:55:18 [notice] 33#33: exit
2021/11/19 20:55:18 [notice] 35#35: exit
2021/11/19 20:55:18 [notice] 30#30: exit
2021/11/19 20:55:18 [notice] 34#34: exit
2021/11/19 20:55:18 [notice] 36#36: gracefully shutting down
2021/11/19 20:55:18 [notice] 36#36: exiting
2021/11/19 20:55:18 [notice] 36#36: exit
2021/11/19 20:55:18 [notice] 1#1: signal 17 (SIGCHLD) received from 33
2021/11/19 20:55:18 [notice] 1#1: worker process 33 exited with code 0
2021/11/19 20:55:18 [notice] 1#1: signal 29 (SIGIO) received
2021/11/19 20:55:18 [notice] 1#1: signal 17 (SIGCHLD) received from 30
2021/11/19 20:55:18 [notice] 1#1: worker process 30 exited with code 0
2021/11/19 20:55:18 [notice] 1#1: worker process 34 exited with code 0
2021/11/19 20:55:18 [notice] 1#1: signal 29 (SIGIO) received
2021/11/19 20:55:18 [notice] 1#1: signal 17 (SIGCHLD) received from 34
2021/11/19 20:55:18 [notice] 1#1: signal 17 (SIGCHLD) received from 31
2021/11/19 20:55:18 [notice] 1#1: worker process 31 exited with code 0
2021/11/19 20:55:18 [notice] 1#1: signal 29 (SIGIO) received
2021/11/19 20:55:18 [notice] 1#1: signal 17 (SIGCHLD) received from 37
2021/11/19 20:55:18 [notice] 1#1: worker process 37 exited with code 0
2021/11/19 20:55:18 [notice] 1#1: signal 29 (SIGIO) received
2021/11/19 20:55:18 [notice] 1#1: signal 17 (SIGCHLD) received from 32
2021/11/19 20:55:18 [notice] 1#1: worker process 32 exited with code 0
2021/11/19 20:55:18 [notice] 1#1: signal 29 (SIGIO) received
2021/11/19 20:55:18 [notice] 1#1: signal 17 (SIGCHLD) received from 36
2021/11/19 20:55:18 [notice] 1#1: worker process 35 exited with code 0
2021/11/19 20:55:18 [notice] 1#1: worker process 36 exited with code 0
2021/11/19 20:55:18 [notice] 1#1: exit
2021/11/19 20:56:03 [notice] 1#1: using the "epoll" event method
2021/11/19 20:56:03 [notice] 1#1: nginx/1.20.2
2021/11/19 20:56:03 [notice] 1#1: built by gcc 10.2.1 20210110 (Debian 10.2.1-6) 
2021/11/19 20:56:03 [notice] 1#1: OS: Linux 5.13.19-2-MANJARO
2021/11/19 20:56:03 [notice] 1#1: getrlimit(RLIMIT_NOFILE): 1048576:1048576
2021/11/19 20:56:03 [notice] 1#1: start worker processes
2021/11/19 20:56:03 [notice] 1#1: start worker process 30
2021/11/19 20:56:03 [notice] 1#1: start worker process 31
2021/11/19 20:56:03 [notice] 1#1: start worker process 32
2021/11/19 20:56:03 [notice] 1#1: start worker process 33
2021/11/19 20:56:03 [notice] 1#1: start worker process 34
2021/11/19 20:56:03 [notice] 1#1: start worker process 35
2021/11/19 20:56:03 [notice] 1#1: start worker process 36
2021/11/19 20:56:03 [notice] 1#1: start worker process 37
2021/11/19 20:56:07 [error] 32#32: *1 FastCGI sent in stderr: "Unable to open primary script: /var/www/public/index.php (No such file or directory)" while reading response header from upstream, client: 172.23.0.1, server: , request: "GET / HTTP/1.1", upstream: "fastcgi://172.23.0.3:9000", host: "localhost:8000"
2021/11/19 20:56:23 [error] 32#32: *1 FastCGI sent in stderr: "Unable to open primary script: /var/www/public/index.php (No such file or directory)" while reading response header from upstream, client: 172.23.0.1, server: , request: "GET / HTTP/1.1", upstream: "fastcgi://172.23.0.3:9000", host: "localhost:8000"
2021/11/19 20:58:21 [notice] 1#1: signal 3 (SIGQUIT) received, shutting down
2021/11/19 20:58:21 [notice] 31#31: gracefully shutting down
2021/11/19 20:58:21 [notice] 30#30: gracefully shutting down
2021/11/19 20:58:21 [notice] 32#32: gracefully shutting down
2021/11/19 20:58:21 [notice] 33#33: gracefully shutting down
2021/11/19 20:58:21 [notice] 31#31: exiting
2021/11/19 20:58:21 [notice] 30#30: exiting
2021/11/19 20:58:21 [notice] 34#34: gracefully shutting down
2021/11/19 20:58:21 [notice] 32#32: exiting
2021/11/19 20:58:21 [notice] 33#33: exiting
2021/11/19 20:58:21 [notice] 34#34: exiting
2021/11/19 20:58:21 [notice] 32#32: exit
2021/11/19 20:58:21 [notice] 30#30: exit
2021/11/19 20:58:21 [notice] 31#31: exit
2021/11/19 20:58:21 [notice] 33#33: exit
2021/11/19 20:58:21 [notice] 34#34: exit
2021/11/19 20:58:21 [notice] 37#37: gracefully shutting down
2021/11/19 20:58:21 [notice] 35#35: gracefully shutting down
2021/11/19 20:58:21 [notice] 37#37: exiting
2021/11/19 20:58:21 [notice] 35#35: exiting
2021/11/19 20:58:21 [notice] 37#37: exit
2021/11/19 20:58:21 [notice] 35#35: exit
2021/11/19 20:58:21 [notice] 36#36: gracefully shutting down
2021/11/19 20:58:21 [notice] 36#36: exiting
2021/11/19 20:58:21 [notice] 36#36: exit
2021/11/19 20:58:21 [notice] 1#1: signal 17 (SIGCHLD) received from 31
2021/11/19 20:58:21 [notice] 1#1: worker process 31 exited with code 0
2021/11/19 20:58:21 [notice] 1#1: signal 29 (SIGIO) received
2021/11/19 20:58:21 [notice] 1#1: signal 17 (SIGCHLD) received from 30
2021/11/19 20:58:21 [notice] 1#1: worker process 30 exited with code 0
2021/11/19 20:58:21 [notice] 1#1: signal 29 (SIGIO) received
2021/11/19 20:58:21 [notice] 1#1: signal 17 (SIGCHLD) received from 34
2021/11/19 20:58:21 [notice] 1#1: worker process 34 exited with code 0
2021/11/19 20:58:21 [notice] 1#1: worker process 35 exited with code 0
2021/11/19 20:58:21 [notice] 1#1: signal 29 (SIGIO) received
2021/11/19 20:58:21 [notice] 1#1: signal 17 (SIGCHLD) received from 35
2021/11/19 20:58:21 [notice] 1#1: signal 17 (SIGCHLD) received from 33
2021/11/19 20:58:21 [notice] 1#1: worker process 33 exited with code 0
2021/11/19 20:58:21 [notice] 1#1: signal 17 (SIGCHLD) received from 37
2021/11/19 20:58:21 [notice] 1#1: worker process 37 exited with code 0
2021/11/19 20:58:21 [notice] 1#1: signal 29 (SIGIO) received
2021/11/19 20:58:21 [notice] 1#1: signal 29 (SIGIO) received
2021/11/19 20:58:21 [notice] 1#1: signal 17 (SIGCHLD) received from 36
2021/11/19 20:58:21 [notice] 1#1: worker process 32 exited with code 0
2021/11/19 20:58:21 [notice] 1#1: worker process 36 exited with code 0
2021/11/19 20:58:21 [notice] 1#1: exit
2021/11/19 20:58:26 [notice] 1#1: using the "epoll" event method
2021/11/19 20:58:26 [notice] 1#1: nginx/1.20.2
2021/11/19 20:58:26 [notice] 1#1: built by gcc 10.2.1 20210110 (Debian 10.2.1-6) 
2021/11/19 20:58:26 [notice] 1#1: OS: Linux 5.13.19-2-MANJARO
2021/11/19 20:58:26 [notice] 1#1: getrlimit(RLIMIT_NOFILE): 1048576:1048576
2021/11/19 20:58:26 [notice] 1#1: start worker processes
2021/11/19 20:58:26 [notice] 1#1: start worker process 30
2021/11/19 20:58:26 [notice] 1#1: start worker process 31
2021/11/19 20:58:26 [notice] 1#1: start worker process 32
2021/11/19 20:58:26 [notice] 1#1: start worker process 33
2021/11/19 20:58:26 [notice] 1#1: start worker process 34
2021/11/19 20:58:26 [notice] 1#1: start worker process 35
2021/11/19 20:58:26 [notice] 1#1: start worker process 36
2021/11/19 20:58:26 [notice] 1#1: start worker process 37
2021/11/19 20:58:31 [error] 30#30: *1 directory index of "/var/www/public/" is forbidden, client: 172.24.0.1, server: , request: "GET / HTTP/1.1", host: "localhost:8000"
2021/11/19 21:07:28 [notice] 1#1: signal 3 (SIGQUIT) received, shutting down
2021/11/19 21:07:28 [notice] 32#32: gracefully shutting down
2021/11/19 21:07:28 [notice] 30#30: gracefully shutting down
2021/11/19 21:07:28 [notice] 31#31: gracefully shutting down
2021/11/19 21:07:28 [notice] 33#33: gracefully shutting down
2021/11/19 21:07:28 [notice] 32#32: exiting
2021/11/19 21:07:28 [notice] 37#37: gracefully shutting down
2021/11/19 21:07:28 [notice] 30#30: exiting
2021/11/19 21:07:28 [notice] 31#31: exiting
2021/11/19 21:07:28 [notice] 33#33: exiting
2021/11/19 21:07:28 [notice] 37#37: exiting
2021/11/19 21:07:28 [notice] 32#32: exit
2021/11/19 21:07:28 [notice] 37#37: exit
2021/11/19 21:07:28 [notice] 31#31: exit
2021/11/19 21:07:28 [notice] 30#30: exit
2021/11/19 21:07:28 [notice] 33#33: exit
2021/11/19 21:07:28 [notice] 34#34: gracefully shutting down
2021/11/19 21:07:28 [notice] 34#34: exiting
2021/11/19 21:07:28 [notice] 34#34: exit
2021/11/19 21:07:28 [notice] 35#35: gracefully shutting down
2021/11/19 21:07:28 [notice] 36#36: gracefully shutting down
2021/11/19 21:07:28 [notice] 35#35: exiting
2021/11/19 21:07:28 [notice] 36#36: exiting
2021/11/19 21:07:28 [notice] 36#36: exit
2021/11/19 21:07:28 [notice] 35#35: exit
2021/11/19 21:07:28 [notice] 1#1: signal 17 (SIGCHLD) received from 35
2021/11/19 21:07:28 [notice] 1#1: worker process 35 exited with code 0
2021/11/19 21:07:28 [notice] 1#1: worker process 30 exited with code 0
2021/11/19 21:07:28 [notice] 1#1: worker process 37 exited with code 0
2021/11/19 21:07:28 [notice] 1#1: signal 29 (SIGIO) received
2021/11/19 21:07:28 [notice] 1#1: signal 17 (SIGCHLD) received from 37
2021/11/19 21:07:28 [notice] 1#1: signal 17 (SIGCHLD) received from 34
2021/11/19 21:07:28 [notice] 1#1: worker process 34 exited with code 0
2021/11/19 21:07:28 [notice] 1#1: signal 29 (SIGIO) received
2021/11/19 21:07:28 [notice] 1#1: signal 17 (SIGCHLD) received from 32
2021/11/19 21:07:28 [notice] 1#1: worker process 32 exited with code 0
2021/11/19 21:07:28 [notice] 1#1: worker process 36 exited with code 0
2021/11/19 21:07:28 [notice] 1#1: signal 29 (SIGIO) received
2021/11/19 21:07:28 [notice] 1#1: signal 17 (SIGCHLD) received from 36
2021/11/19 21:07:28 [notice] 1#1: signal 17 (SIGCHLD) received from 31
2021/11/19 21:07:28 [notice] 1#1: worker process 31 exited with code 0
2021/11/19 21:07:28 [notice] 1#1: signal 17 (SIGCHLD) received from 33
2021/11/19 21:07:28 [notice] 1#1: worker process 33 exited with code 0
2021/11/19 21:07:28 [notice] 1#1: exit
2021/11/19 21:11:45 [notice] 1#1: using the "epoll" event method
2021/11/19 21:11:45 [notice] 1#1: nginx/1.20.2
2021/11/19 21:11:45 [notice] 1#1: built by gcc 10.2.1 20210110 (Debian 10.2.1-6) 
2021/11/19 21:11:45 [notice] 1#1: OS: Linux 5.13.19-2-MANJARO
2021/11/19 21:11:45 [notice] 1#1: getrlimit(RLIMIT_NOFILE): 1048576:1048576
2021/11/19 21:11:45 [notice] 1#1: start worker processes
2021/11/19 21:11:45 [notice] 1#1: start worker process 30
2021/11/19 21:11:45 [notice] 1#1: start worker process 31
2021/11/19 21:11:45 [notice] 1#1: start worker process 32
2021/11/19 21:11:45 [notice] 1#1: start worker process 33
2021/11/19 21:11:45 [notice] 1#1: start worker process 34
2021/11/19 21:11:45 [notice] 1#1: start worker process 35
2021/11/19 21:11:45 [notice] 1#1: start worker process 36
2021/11/19 21:11:45 [notice] 1#1: start worker process 37
2021/11/19 21:11:55 [error] 30#30: *1 FastCGI sent in stderr: "Unable to open primary script: /symfony/public/index.php (No such file or directory)" while reading response header from upstream, client: 172.25.0.1, server: , request: "GET / HTTP/1.1", upstream: "fastcgi://172.25.0.4:9000", host: "localhost:8000"
2021/11/19 21:12:03 [error] 30#30: *1 FastCGI sent in stderr: "Unable to open primary script: /symfony/public/index.php (No such file or directory)" while reading response header from upstream, client: 172.25.0.1, server: , request: "GET /public HTTP/1.1", upstream: "fastcgi://172.25.0.4:9000", host: "localhost:8000"
2021/11/19 21:12:07 [error] 30#30: *1 FastCGI sent in stderr: "Unable to open primary script: /symfony/public/index.php (No such file or directory)" while reading response header from upstream, client: 172.25.0.1, server: , request: "GET / HTTP/1.1", upstream: "fastcgi://172.25.0.4:9000", host: "localhost:8000"
2021/11/19 21:13:21 [notice] 1#1: signal 3 (SIGQUIT) received, shutting down
2021/11/19 21:13:21 [notice] 32#32: gracefully shutting down
2021/11/19 21:13:21 [notice] 34#34: gracefully shutting down
2021/11/19 21:13:21 [notice] 31#31: gracefully shutting down
2021/11/19 21:13:21 [notice] 36#36: gracefully shutting down
2021/11/19 21:13:21 [notice] 30#30: gracefully shutting down
2021/11/19 21:13:21 [notice] 34#34: exiting
2021/11/19 21:13:21 [notice] 32#32: exiting
2021/11/19 21:13:21 [notice] 31#31: exiting
2021/11/19 21:13:21 [notice] 36#36: exiting
2021/11/19 21:13:21 [notice] 30#30: exiting
2021/11/19 21:13:21 [notice] 34#34: exit
2021/11/19 21:13:21 [notice] 32#32: exit
2021/11/19 21:13:21 [notice] 31#31: exit
2021/11/19 21:13:21 [notice] 36#36: exit
2021/11/19 21:13:21 [notice] 30#30: exit
2021/11/19 21:13:21 [notice] 33#33: gracefully shutting down
2021/11/19 21:13:21 [notice] 33#33: exiting
2021/11/19 21:13:21 [notice] 33#33: exit
2021/11/19 21:13:21 [notice] 35#35: gracefully shutting down
2021/11/19 21:13:21 [notice] 35#35: exiting
2021/11/19 21:13:21 [notice] 35#35: exit
2021/11/19 21:13:21 [notice] 37#37: gracefully shutting down
2021/11/19 21:13:21 [notice] 37#37: exiting
2021/11/19 21:13:21 [notice] 37#37: exit
2021/11/19 21:13:21 [notice] 1#1: signal 17 (SIGCHLD) received from 34
2021/11/19 21:13:21 [notice] 1#1: worker process 34 exited with code 0
2021/11/19 21:13:21 [notice] 1#1: signal 29 (SIGIO) received
2021/11/19 21:13:21 [notice] 1#1: signal 17 (SIGCHLD) received from 31
2021/11/19 21:13:21 [notice] 1#1: worker process 31 exited with code 0
2021/11/19 21:13:21 [notice] 1#1: worker process 33 exited with code 0
2021/11/19 21:13:21 [notice] 1#1: signal 29 (SIGIO) received
2021/11/19 21:13:21 [notice] 1#1: signal 17 (SIGCHLD) received from 36
2021/11/19 21:13:21 [notice] 1#1: worker process 36 exited with code 0
2021/11/19 21:13:21 [notice] 1#1: worker process 32 exited with code 0
2021/11/19 21:13:21 [notice] 1#1: signal 29 (SIGIO) received
2021/11/19 21:13:21 [notice] 1#1: signal 17 (SIGCHLD) received from 32
2021/11/19 21:13:21 [notice] 1#1: signal 17 (SIGCHLD) received from 30
2021/11/19 21:13:21 [notice] 1#1: worker process 30 exited with code 0
2021/11/19 21:13:21 [notice] 1#1: worker process 35 exited with code 0
2021/11/19 21:13:21 [notice] 1#1: worker process 37 exited with code 0
2021/11/19 21:13:21 [notice] 1#1: exit
2021/11/19 21:13:28 [notice] 1#1: using the "epoll" event method
2021/11/19 21:13:28 [notice] 1#1: nginx/1.20.2
2021/11/19 21:13:28 [notice] 1#1: built by gcc 10.2.1 20210110 (Debian 10.2.1-6) 
2021/11/19 21:13:28 [notice] 1#1: OS: Linux 5.13.19-2-MANJARO
2021/11/19 21:13:28 [notice] 1#1: getrlimit(RLIMIT_NOFILE): 1048576:1048576
2021/11/19 21:13:28 [notice] 1#1: start worker processes
2021/11/19 21:13:28 [notice] 1#1: start worker process 30
2021/11/19 21:13:28 [notice] 1#1: start worker process 31
2021/11/19 21:13:28 [notice] 1#1: start worker process 32
2021/11/19 21:13:28 [notice] 1#1: start worker process 33
2021/11/19 21:13:28 [notice] 1#1: start worker process 34
2021/11/19 21:13:28 [notice] 1#1: start worker process 35
2021/11/19 21:13:28 [notice] 1#1: start worker process 36
2021/11/19 21:13:28 [notice] 1#1: start worker process 37
2021/11/19 21:13:30 [error] 30#30: *1 FastCGI sent in stderr: "PHP message: Xdebug: [Step Debug] Could not connect to debugging client. Tried: host.docker.internal:9003 (through xdebug.client_host/xdebug.client_port) :-(" while reading response header from upstream, client: 172.26.0.1, server: , request: "GET / HTTP/1.1", upstream: "fastcgi://172.26.0.2:9000", host: "localhost:8000"
2021/11/19 21:19:20 [notice] 1#1: signal 3 (SIGQUIT) received, shutting down
2021/11/19 21:19:20 [notice] 30#30: gracefully shutting down
2021/11/19 21:19:20 [notice] 31#31: gracefully shutting down
2021/11/19 21:19:20 [notice] 34#34: gracefully shutting down
2021/11/19 21:19:20 [notice] 33#33: gracefully shutting down
2021/11/19 21:19:20 [notice] 30#30: exiting
2021/11/19 21:19:20 [notice] 31#31: exiting
2021/11/19 21:19:20 [notice] 34#34: exiting
2021/11/19 21:19:20 [notice] 33#33: exiting
2021/11/19 21:19:20 [notice] 34#34: exit
2021/11/19 21:19:20 [notice] 31#31: exit
2021/11/19 21:19:20 [notice] 30#30: exit
2021/11/19 21:19:20 [notice] 33#33: exit
2021/11/19 21:19:20 [notice] 36#36: gracefully shutting down
2021/11/19 21:19:20 [notice] 36#36: exiting
2021/11/19 21:19:20 [notice] 36#36: exit
2021/11/19 21:19:20 [notice] 35#35: gracefully shutting down
2021/11/19 21:19:20 [notice] 35#35: exiting
2021/11/19 21:19:20 [notice] 35#35: exit
2021/11/19 21:19:20 [notice] 37#37: gracefully shutting down
2021/11/19 21:19:20 [notice] 37#37: exiting
2021/11/19 21:19:20 [notice] 37#37: exit
2021/11/19 21:19:20 [notice] 32#32: gracefully shutting down
2021/11/19 21:19:20 [notice] 32#32: exiting
2021/11/19 21:19:20 [notice] 32#32: exit
2021/11/19 21:19:20 [notice] 1#1: signal 17 (SIGCHLD) received from 31
2021/11/19 21:19:20 [notice] 1#1: worker process 31 exited with code 0
2021/11/19 21:19:20 [notice] 1#1: worker process 32 exited with code 0
2021/11/19 21:19:20 [notice] 1#1: signal 29 (SIGIO) received
2021/11/19 21:19:20 [notice] 1#1: signal 17 (SIGCHLD) received from 32
2021/11/19 21:19:20 [notice] 1#1: signal 17 (SIGCHLD) received from 33
2021/11/19 21:19:20 [notice] 1#1: worker process 33 exited with code 0
2021/11/19 21:19:20 [notice] 1#1: signal 29 (SIGIO) received
2021/11/19 21:19:20 [notice] 1#1: signal 17 (SIGCHLD) received from 36
2021/11/19 21:19:20 [notice] 1#1: worker process 30 exited with code 0
2021/11/19 21:19:20 [notice] 1#1: worker process 34 exited with code 0
2021/11/19 21:19:20 [notice] 1#1: worker process 36 exited with code 0
2021/11/19 21:19:20 [notice] 1#1: signal 29 (SIGIO) received
2021/11/19 21:19:20 [notice] 1#1: signal 17 (SIGCHLD) received from 35
2021/11/19 21:19:20 [notice] 1#1: worker process 35 exited with code 0
2021/11/19 21:19:20 [notice] 1#1: signal 29 (SIGIO) received
2021/11/19 21:19:20 [notice] 1#1: signal 17 (SIGCHLD) received from 37
2021/11/19 21:19:20 [notice] 1#1: worker process 37 exited with code 0
2021/11/19 21:19:20 [notice] 1#1: exit
2021/11/19 21:19:28 [notice] 1#1: using the "epoll" event method
2021/11/19 21:19:28 [notice] 1#1: nginx/1.20.2
2021/11/19 21:19:28 [notice] 1#1: built by gcc 10.2.1 20210110 (Debian 10.2.1-6) 
2021/11/19 21:19:28 [notice] 1#1: OS: Linux 5.13.19-2-MANJARO
2021/11/19 21:19:28 [notice] 1#1: getrlimit(RLIMIT_NOFILE): 1048576:1048576
2021/11/19 21:19:28 [notice] 1#1: start worker processes
2021/11/19 21:19:28 [notice] 1#1: start worker process 30
2021/11/19 21:19:28 [notice] 1#1: start worker process 31
2021/11/19 21:19:28 [notice] 1#1: start worker process 32
2021/11/19 21:19:28 [notice] 1#1: start worker process 33
2021/11/19 21:19:28 [notice] 1#1: start worker process 34
2021/11/19 21:19:28 [notice] 1#1: start worker process 35
2021/11/19 21:19:28 [notice] 1#1: start worker process 36
2021/11/19 21:19:28 [notice] 1#1: start worker process 37
2021/11/19 21:23:12 [notice] 1#1: signal 3 (SIGQUIT) received, shutting down
2021/11/19 21:23:12 [notice] 30#30: gracefully shutting down
2021/11/19 21:23:12 [notice] 31#31: gracefully shutting down
2021/11/19 21:23:12 [notice] 30#30: exiting
2021/11/19 21:23:12 [notice] 31#31: exiting
2021/11/19 21:23:12 [notice] 32#32: gracefully shutting down
2021/11/19 21:23:12 [notice] 30#30: exit
2021/11/19 21:23:12 [notice] 31#31: exit
2021/11/19 21:23:12 [notice] 32#32: exiting
2021/11/19 21:23:12 [notice] 32#32: exit
2021/11/19 21:23:12 [notice] 35#35: gracefully shutting down
2021/11/19 21:23:12 [notice] 35#35: exiting
2021/11/19 21:23:12 [notice] 35#35: exit
2021/11/19 21:23:12 [notice] 34#34: gracefully shutting down
2021/11/19 21:23:12 [notice] 34#34: exiting
2021/11/19 21:23:12 [notice] 34#34: exit
2021/11/19 21:23:12 [notice] 33#33: gracefully shutting down
2021/11/19 21:23:12 [notice] 33#33: exiting
2021/11/19 21:23:12 [notice] 33#33: exit
2021/11/19 21:23:12 [notice] 36#36: gracefully shutting down
2021/11/19 21:23:12 [notice] 36#36: exiting
2021/11/19 21:23:12 [notice] 36#36: exit
2021/11/19 21:23:12 [notice] 37#37: gracefully shutting down
2021/11/19 21:23:12 [notice] 37#37: exiting
2021/11/19 21:23:12 [notice] 37#37: exit
2021/11/19 21:23:12 [notice] 1#1: signal 17 (SIGCHLD) received from 36
2021/11/19 21:23:12 [notice] 1#1: worker process 32 exited with code 0
2021/11/19 21:23:12 [notice] 1#1: worker process 33 exited with code 0
2021/11/19 21:23:12 [notice] 1#1: worker process 34 exited with code 0
2021/11/19 21:23:12 [notice] 1#1: worker process 35 exited with code 0
2021/11/19 21:23:12 [notice] 1#1: worker process 36 exited with code 0
2021/11/19 21:23:12 [notice] 1#1: worker process 37 exited with code 0
2021/11/19 21:23:12 [notice] 1#1: signal 29 (SIGIO) received
2021/11/19 21:23:12 [notice] 1#1: signal 17 (SIGCHLD) received from 37
2021/11/19 21:23:12 [notice] 1#1: signal 17 (SIGCHLD) received from 31
2021/11/19 21:23:12 [notice] 1#1: worker process 31 exited with code 0
2021/11/19 21:23:12 [notice] 1#1: signal 29 (SIGIO) received
2021/11/19 21:23:12 [notice] 1#1: signal 17 (SIGCHLD) received from 30
2021/11/19 21:23:12 [notice] 1#1: worker process 30 exited with code 0
2021/11/19 21:23:12 [notice] 1#1: exit
2021/11/19 21:23:19 [notice] 1#1: using the "epoll" event method
2021/11/19 21:23:19 [notice] 1#1: nginx/1.20.2
2021/11/19 21:23:19 [notice] 1#1: built by gcc 10.2.1 20210110 (Debian 10.2.1-6) 
2021/11/19 21:23:19 [notice] 1#1: OS: Linux 5.13.19-2-MANJARO
2021/11/19 21:23:19 [notice] 1#1: getrlimit(RLIMIT_NOFILE): 1048576:1048576
2021/11/19 21:23:19 [notice] 1#1: start worker processes
2021/11/19 21:23:19 [notice] 1#1: start worker process 31
2021/11/19 21:23:19 [notice] 1#1: start worker process 32
2021/11/19 21:23:19 [notice] 1#1: start worker process 33
2021/11/19 21:23:19 [notice] 1#1: start worker process 34
2021/11/19 21:23:19 [notice] 1#1: start worker process 35
2021/11/19 21:23:19 [notice] 1#1: start worker process 36
2021/11/19 21:23:19 [notice] 1#1: start worker process 37
2021/11/19 21:23:19 [notice] 1#1: start worker process 38
2021/11/19 21:23:29 [error] 31#31: *1 FastCGI sent in stderr: "PHP message: Xdebug: [Step Debug] Could not connect to debugging client. Tried: host.docker.internal:9003 (through xdebug.client_host/xdebug.client_port) :-(" while reading response header from upstream, client: 172.27.0.1, server: , request: "GET / HTTP/1.1", upstream: "fastcgi://172.27.0.3:9000", host: "localhost:8000"
2021/11/19 21:23:35 [notice] 1#1: signal 3 (SIGQUIT) received, shutting down
2021/11/19 21:23:35 [notice] 32#32: gracefully shutting down
2021/11/19 21:23:35 [notice] 33#33: gracefully shutting down
2021/11/19 21:23:35 [notice] 32#32: exiting
2021/11/19 21:23:35 [notice] 36#36: gracefully shutting down
2021/11/19 21:23:35 [notice] 35#35: gracefully shutting down
2021/11/19 21:23:35 [notice] 33#33: exiting
2021/11/19 21:23:35 [notice] 37#37: gracefully shutting down
2021/11/19 21:23:35 [notice] 36#36: exiting
2021/11/19 21:23:35 [notice] 32#32: exit
2021/11/19 21:23:35 [notice] 35#35: exiting
2021/11/19 21:23:35 [notice] 37#37: exiting
2021/11/19 21:23:35 [notice] 38#38: gracefully shutting down
2021/11/19 21:23:35 [notice] 33#33: exit
2021/11/19 21:23:35 [notice] 36#36: exit
2021/11/19 21:23:35 [notice] 38#38: exiting
2021/11/19 21:23:35 [notice] 37#37: exit
2021/11/19 21:23:35 [notice] 35#35: exit
2021/11/19 21:23:35 [notice] 38#38: exit
2021/11/19 21:23:35 [notice] 34#34: gracefully shutting down
2021/11/19 21:23:35 [notice] 31#31: gracefully shutting down
2021/11/19 21:23:35 [notice] 34#34: exiting
2021/11/19 21:23:35 [notice] 34#34: exit
2021/11/19 21:23:35 [notice] 31#31: exiting
2021/11/19 21:23:35 [notice] 31#31: exit
2021/11/19 21:23:35 [notice] 1#1: signal 17 (SIGCHLD) received from 38
2021/11/19 21:23:35 [notice] 1#1: worker process 34 exited with code 0
2021/11/19 21:23:35 [notice] 1#1: worker process 35 exited with code 0
2021/11/19 21:23:35 [notice] 1#1: worker process 36 exited with code 0
2021/11/19 21:23:35 [notice] 1#1: worker process 37 exited with code 0
2021/11/19 21:23:35 [notice] 1#1: worker process 38 exited with code 0
2021/11/19 21:23:35 [notice] 1#1: signal 29 (SIGIO) received
2021/11/19 21:23:35 [notice] 1#1: signal 17 (SIGCHLD) received from 36
2021/11/19 21:23:35 [notice] 1#1: signal 17 (SIGCHLD) received from 32
2021/11/19 21:23:35 [notice] 1#1: worker process 32 exited with code 0
2021/11/19 21:23:35 [notice] 1#1: worker process 31 exited with code 0
2021/11/19 21:23:35 [notice] 1#1: worker process 33 exited with code 0
2021/11/19 21:23:35 [notice] 1#1: exit
2021/11/19 21:23:43 [notice] 1#1: using the "epoll" event method
2021/11/19 21:23:43 [notice] 1#1: nginx/1.20.2
2021/11/19 21:23:43 [notice] 1#1: built by gcc 10.2.1 20210110 (Debian 10.2.1-6) 
2021/11/19 21:23:43 [notice] 1#1: OS: Linux 5.13.19-2-MANJARO
2021/11/19 21:23:43 [notice] 1#1: getrlimit(RLIMIT_NOFILE): 1048576:1048576
2021/11/19 21:23:43 [notice] 1#1: start worker processes
2021/11/19 21:23:43 [notice] 1#1: start worker process 30
2021/11/19 21:23:43 [notice] 1#1: start worker process 31
2021/11/19 21:23:43 [notice] 1#1: start worker process 32
2021/11/19 21:23:43 [notice] 1#1: start worker process 33
2021/11/19 21:23:43 [notice] 1#1: start worker process 34
2021/11/19 21:23:43 [notice] 1#1: start worker process 35
2021/11/19 21:23:43 [notice] 1#1: start worker process 36
2021/11/19 21:23:43 [notice] 1#1: start worker process 37
2021/11/19 21:31:25 [notice] 1#1: signal 3 (SIGQUIT) received, shutting down
2021/11/19 21:31:25 [notice] 32#32: gracefully shutting down
2021/11/19 21:31:25 [notice] 30#30: gracefully shutting down
2021/11/19 21:31:25 [notice] 33#33: gracefully shutting down
2021/11/19 21:31:25 [notice] 32#32: exiting
2021/11/19 21:31:25 [notice] 31#31: gracefully shutting down
2021/11/19 21:31:25 [notice] 30#30: exiting
2021/11/19 21:31:25 [notice] 33#33: exiting
2021/11/19 21:31:25 [notice] 31#31: exiting
2021/11/19 21:31:25 [notice] 32#32: exit
2021/11/19 21:31:25 [notice] 31#31: exit
2021/11/19 21:31:25 [notice] 30#30: exit
2021/11/19 21:31:25 [notice] 33#33: exit
2021/11/19 21:31:25 [notice] 35#35: gracefully shutting down
2021/11/19 21:31:25 [notice] 35#35: exiting
2021/11/19 21:31:25 [notice] 35#35: exit
2021/11/19 21:31:25 [notice] 34#34: gracefully shutting down
2021/11/19 21:31:25 [notice] 34#34: exiting
2021/11/19 21:31:25 [notice] 34#34: exit
2021/11/19 21:31:25 [notice] 36#36: gracefully shutting down
2021/11/19 21:31:25 [notice] 36#36: exiting
2021/11/19 21:31:25 [notice] 36#36: exit
2021/11/19 21:31:25 [notice] 37#37: gracefully shutting down
2021/11/19 21:31:25 [notice] 37#37: exiting
2021/11/19 21:31:25 [notice] 37#37: exit
2021/11/19 21:31:25 [notice] 1#1: signal 17 (SIGCHLD) received from 33
2021/11/19 21:31:25 [notice] 1#1: worker process 30 exited with code 0
2021/11/19 21:31:25 [notice] 1#1: worker process 31 exited with code 0
2021/11/19 21:31:25 [notice] 1#1: worker process 32 exited with code 0
2021/11/19 21:31:25 [notice] 1#1: worker process 33 exited with code 0
2021/11/19 21:31:25 [notice] 1#1: worker process 34 exited with code 0
2021/11/19 21:31:25 [notice] 1#1: worker process 35 exited with code 0
2021/11/19 21:31:25 [notice] 1#1: worker process 36 exited with code 0
2021/11/19 21:31:25 [notice] 1#1: signal 29 (SIGIO) received
2021/11/19 21:31:25 [notice] 1#1: signal 17 (SIGCHLD) received from 35
2021/11/19 21:31:25 [notice] 1#1: signal 17 (SIGCHLD) received from 37
2021/11/19 21:31:25 [notice] 1#1: worker process 37 exited with code 0
2021/11/19 21:31:25 [notice] 1#1: exit
2021/11/19 21:31:39 [notice] 1#1: using the "epoll" event method
2021/11/19 21:31:39 [notice] 1#1: nginx/1.20.2
2021/11/19 21:31:39 [notice] 1#1: built by gcc 10.2.1 20210110 (Debian 10.2.1-6) 
2021/11/19 21:31:39 [notice] 1#1: OS: Linux 5.13.19-2-MANJARO
2021/11/19 21:31:39 [notice] 1#1: getrlimit(RLIMIT_NOFILE): 1048576:1048576
2021/11/19 21:31:39 [notice] 1#1: start worker processes
2021/11/19 21:31:39 [notice] 1#1: start worker process 30
2021/11/19 21:31:39 [notice] 1#1: start worker process 31
2021/11/19 21:31:39 [notice] 1#1: start worker process 32
2021/11/19 21:31:39 [notice] 1#1: start worker process 33
2021/11/19 21:31:39 [notice] 1#1: start worker process 34
2021/11/19 21:31:39 [notice] 1#1: start worker process 35
2021/11/19 21:31:39 [notice] 1#1: start worker process 36
2021/11/19 21:31:39 [notice] 1#1: start worker process 37
2021/11/19 22:19:17 [error] 30#30: *3 FastCGI sent in stderr: "PHP message: Xdebug: [Step Debug] Could not connect to debugging client. Tried: host.docker.internal:9003 (through xdebug.client_host/xdebug.client_port) :-(" while reading response header from upstream, client: 172.28.0.1, server: , request: "GET / HTTP/1.1", upstream: "fastcgi://172.28.0.3:9000", host: "localhost:8000"
2021/11/19 22:19:19 [error] 30#30: *3 FastCGI sent in stderr: "PHP message: Xdebug: [Step Debug] Could not connect to debugging client. Tried: host.docker.internal:9003 (through xdebug.client_host/xdebug.client_port) :-(" while reading response header from upstream, client: 172.28.0.1, server: , request: "GET / HTTP/1.1", upstream: "fastcgi://172.28.0.3:9000", host: "localhost:8000"
2021/11/19 22:19:19 [error] 30#30: *3 FastCGI sent in stderr: "PHP message: Xdebug: [Step Debug] Could not connect to debugging client. Tried: host.docker.internal:9003 (through xdebug.client_host/xdebug.client_port) :-(" while reading response header from upstream, client: 172.28.0.1, server: , request: "GET / HTTP/1.1", upstream: "fastcgi://172.28.0.3:9000", host: "localhost:8000"
2021/11/19 22:19:20 [error] 30#30: *3 FastCGI sent in stderr: "PHP message: Xdebug: [Step Debug] Could not connect to debugging client. Tried: host.docker.internal:9003 (through xdebug.client_host/xdebug.client_port) :-(" while reading response header from upstream, client: 172.28.0.1, server: , request: "GET / HTTP/1.1", upstream: "fastcgi://172.28.0.3:9000", host: "localhost:8000"
2021/11/19 22:19:20 [error] 30#30: *3 FastCGI sent in stderr: "PHP message: Xdebug: [Step Debug] Could not connect to debugging client. Tried: host.docker.internal:9003 (through xdebug.client_host/xdebug.client_port) :-(" while reading response header from upstream, client: 172.28.0.1, server: , request: "GET / HTTP/1.1", upstream: "fastcgi://172.28.0.3:9000", host: "localhost:8000"
2021/11/19 22:19:20 [error] 30#30: *3 FastCGI sent in stderr: "PHP message: Xdebug: [Step Debug] Could not connect to debugging client. Tried: host.docker.internal:9003 (through xdebug.client_host/xdebug.client_port) :-(" while reading response header from upstream, client: 172.28.0.1, server: , request: "GET / HTTP/1.1", upstream: "fastcgi://172.28.0.3:9000", host: "localhost:8000"
2021/11/19 22:19:20 [error] 30#30: *3 FastCGI sent in stderr: "PHP message: Xdebug: [Step Debug] Could not connect to debugging client. Tried: host.docker.internal:9003 (through xdebug.client_host/xdebug.client_port) :-(" while reading response header from upstream, client: 172.28.0.1, server: , request: "GET / HTTP/1.1", upstream: "fastcgi://172.28.0.3:9000", host: "localhost:8000"
2021/11/19 22:19:20 [error] 30#30: *3 FastCGI sent in stderr: "PHP message: Xdebug: [Step Debug] Could not connect to debugging client. Tried: host.docker.internal:9003 (through xdebug.client_host/xdebug.client_port) :-(" while reading response header from upstream, client: 172.28.0.1, server: , request: "GET / HTTP/1.1", upstream: "fastcgi://172.28.0.3:9000", host: "localhost:8000"
2021/11/19 22:19:21 [error] 30#30: *3 FastCGI sent in stderr: "PHP message: Xdebug: [Step Debug] Could not connect to debugging client. Tried: host.docker.internal:9003 (through xdebug.client_host/xdebug.client_port) :-(" while reading response header from upstream, client: 172.28.0.1, server: , request: "GET / HTTP/1.1", upstream: "fastcgi://172.28.0.3:9000", host: "localhost:8000"
2021/11/19 22:19:22 [error] 30#30: *3 FastCGI sent in stderr: "PHP message: Xdebug: [Step Debug] Could not connect to debugging client. Tried: host.docker.internal:9003 (through xdebug.client_host/xdebug.client_port) :-(" while reading response header from upstream, client: 172.28.0.1, server: , request: "GET / HTTP/1.1", upstream: "fastcgi://172.28.0.3:9000", host: "localhost:8000"
2021/11/19 22:19:22 [error] 30#30: *3 FastCGI sent in stderr: "PHP message: Xdebug: [Step Debug] Could not connect to debugging client. Tried: host.docker.internal:9003 (through xdebug.client_host/xdebug.client_port) :-(" while reading response header from upstream, client: 172.28.0.1, server: , request: "GET / HTTP/1.1", upstream: "fastcgi://172.28.0.3:9000", host: "localhost:8000"
2021/11/19 22:19:22 [error] 30#30: *3 FastCGI sent in stderr: "PHP message: Xdebug: [Step Debug] Could not connect to debugging client. Tried: host.docker.internal:9003 (through xdebug.client_host/xdebug.client_port) :-(" while reading response header from upstream, client: 172.28.0.1, server: , request: "GET / HTTP/1.1", upstream: "fastcgi://172.28.0.3:9000", host: "localhost:8000"
2021/11/19 22:19:22 [error] 30#30: *3 FastCGI sent in stderr: "PHP message: Xdebug: [Step Debug] Could not connect to debugging client. Tried: host.docker.internal:9003 (through xdebug.client_host/xdebug.client_port) :-(" while reading response header from upstream, client: 172.28.0.1, server: , request: "GET / HTTP/1.1", upstream: "fastcgi://172.28.0.3:9000", host: "localhost:8000"
2021/11/19 22:19:22 [error] 30#30: *3 FastCGI sent in stderr: "PHP message: Xdebug: [Step Debug] Could not connect to debugging client. Tried: host.docker.internal:9003 (through xdebug.client_host/xdebug.client_port) :-(" while reading response header from upstream, client: 172.28.0.1, server: , request: "GET / HTTP/1.1", upstream: "fastcgi://172.28.0.3:9000", host: "localhost:8000"
2021/11/19 22:40:18 [notice] 1#1: signal 3 (SIGQUIT) received, shutting down
2021/11/19 22:40:18 [notice] 33#33: gracefully shutting down
2021/11/19 22:40:18 [notice] 31#31: gracefully shutting down
2021/11/19 22:40:18 [notice] 30#30: gracefully shutting down
2021/11/19 22:40:18 [notice] 32#32: gracefully shutting down
2021/11/19 22:40:18 [notice] 34#34: gracefully shutting down
2021/11/19 22:40:18 [notice] 33#33: exiting
2021/11/19 22:40:18 [notice] 35#35: gracefully shutting down
2021/11/19 22:40:18 [notice] 31#31: exiting
2021/11/19 22:40:18 [notice] 30#30: exiting
2021/11/19 22:40:18 [notice] 32#32: exiting
2021/11/19 22:40:18 [notice] 34#34: exiting
2021/11/19 22:40:18 [notice] 35#35: exiting
2021/11/19 22:40:18 [notice] 33#33: exit
2021/11/19 22:40:18 [notice] 34#34: exit
2021/11/19 22:40:18 [notice] 35#35: exit
2021/11/19 22:40:18 [notice] 30#30: exit
2021/11/19 22:40:18 [notice] 31#31: exit
2021/11/19 22:40:18 [notice] 32#32: exit
2021/11/19 22:40:18 [notice] 36#36: gracefully shutting down
2021/11/19 22:40:18 [notice] 36#36: exiting
2021/11/19 22:40:18 [notice] 36#36: exit
2021/11/19 22:40:18 [notice] 37#37: gracefully shutting down
2021/11/19 22:40:18 [notice] 37#37: exiting
2021/11/19 22:40:18 [notice] 37#37: exit
2021/11/19 22:40:18 [notice] 1#1: signal 17 (SIGCHLD) received from 34
2021/11/19 22:40:18 [notice] 1#1: worker process 34 exited with code 0
2021/11/19 22:40:18 [notice] 1#1: signal 29 (SIGIO) received
2021/11/19 22:40:18 [notice] 1#1: signal 17 (SIGCHLD) received from 35
2021/11/19 22:40:18 [notice] 1#1: worker process 35 exited with code 0
2021/11/19 22:40:18 [notice] 1#1: signal 29 (SIGIO) received
2021/11/19 22:40:18 [notice] 1#1: signal 17 (SIGCHLD) received from 36
2021/11/19 22:40:18 [notice] 1#1: worker process 36 exited with code 0
2021/11/19 22:40:18 [notice] 1#1: worker process 37 exited with code 0
2021/11/19 22:40:18 [notice] 1#1: signal 29 (SIGIO) received
2021/11/19 22:40:18 [notice] 1#1: signal 17 (SIGCHLD) received from 37
2021/11/19 22:40:18 [notice] 1#1: signal 17 (SIGCHLD) received from 31
2021/11/19 22:40:18 [notice] 1#1: worker process 31 exited with code 0
2021/11/19 22:40:18 [notice] 1#1: signal 29 (SIGIO) received
2021/11/19 22:40:18 [notice] 1#1: signal 17 (SIGCHLD) received from 30
2021/11/19 22:40:18 [notice] 1#1: worker process 30 exited with code 0
2021/11/19 22:40:18 [notice] 1#1: signal 29 (SIGIO) received
2021/11/19 22:40:18 [notice] 1#1: signal 17 (SIGCHLD) received from 32
2021/11/19 22:40:18 [notice] 1#1: worker process 32 exited with code 0
2021/11/19 22:40:18 [notice] 1#1: signal 29 (SIGIO) received
2021/11/19 22:40:18 [notice] 1#1: signal 17 (SIGCHLD) received from 33
2021/11/19 22:40:18 [notice] 1#1: worker process 33 exited with code 0
2021/11/19 22:40:18 [notice] 1#1: exit
2021/11/19 22:40:20 [notice] 1#1: using the "epoll" event method
2021/11/19 22:40:20 [notice] 1#1: nginx/1.20.2
2021/11/19 22:40:20 [notice] 1#1: built by gcc 10.2.1 20210110 (Debian 10.2.1-6) 
2021/11/19 22:40:20 [notice] 1#1: OS: Linux 5.13.19-2-MANJARO
2021/11/19 22:40:20 [notice] 1#1: getrlimit(RLIMIT_NOFILE): 1048576:1048576
2021/11/19 22:40:20 [notice] 1#1: start worker processes
2021/11/19 22:40:20 [notice] 1#1: start worker process 31
2021/11/19 22:40:20 [notice] 1#1: start worker process 32
2021/11/19 22:40:20 [notice] 1#1: start worker process 33
2021/11/19 22:40:20 [notice] 1#1: start worker process 34
2021/11/19 22:40:20 [notice] 1#1: start worker process 35
2021/11/19 22:40:20 [notice] 1#1: start worker process 36
2021/11/19 22:40:20 [notice] 1#1: start worker process 37
2021/11/19 22:40:20 [notice] 1#1: start worker process 38
2021/11/19 22:40:31 [error] 31#31: *1 FastCGI sent in stderr: "PHP message: Xdebug: [Step Debug] Could not connect to debugging client. Tried: host.docker.internal:9003 (through xdebug.client_host/xdebug.client_port) :-(" while reading response header from upstream, client: 172.28.0.1, server: , request: "GET / HTTP/1.1", upstream: "fastcgi://172.28.0.3:9000", host: "localhost:8000"
2021/11/19 22:41:40 [notice] 1#1: signal 3 (SIGQUIT) received, shutting down
2021/11/19 22:41:40 [notice] 31#31: gracefully shutting down
2021/11/19 22:41:40 [notice] 32#32: gracefully shutting down
2021/11/19 22:41:40 [notice] 33#33: gracefully shutting down
2021/11/19 22:41:40 [notice] 34#34: gracefully shutting down
2021/11/19 22:41:40 [notice] 31#31: exiting
2021/11/19 22:41:40 [notice] 36#36: gracefully shutting down
2021/11/19 22:41:40 [notice] 32#32: exiting
2021/11/19 22:41:40 [notice] 35#35: gracefully shutting down
2021/11/19 22:41:40 [notice] 33#33: exiting
2021/11/19 22:41:40 [notice] 34#34: exiting
2021/11/19 22:41:40 [notice] 36#36: exiting
2021/11/19 22:41:40 [notice] 35#35: exiting
2021/11/19 22:41:40 [notice] 31#31: exit
2021/11/19 22:41:40 [notice] 32#32: exit
2021/11/19 22:41:40 [notice] 33#33: exit
2021/11/19 22:41:40 [notice] 34#34: exit
2021/11/19 22:41:40 [notice] 36#36: exit
2021/11/19 22:41:40 [notice] 35#35: exit
2021/11/19 22:41:40 [notice] 37#37: gracefully shutting down
2021/11/19 22:41:40 [notice] 37#37: exiting
2021/11/19 22:41:40 [notice] 37#37: exit
2021/11/19 22:41:40 [notice] 38#38: gracefully shutting down
2021/11/19 22:41:40 [notice] 38#38: exiting
2021/11/19 22:41:40 [notice] 38#38: exit
2021/11/19 22:41:40 [notice] 1#1: signal 17 (SIGCHLD) received from 31
2021/11/19 22:41:40 [notice] 1#1: worker process 31 exited with code 0
2021/11/19 22:41:40 [notice] 1#1: signal 29 (SIGIO) received
2021/11/19 22:41:40 [notice] 1#1: signal 17 (SIGCHLD) received from 35
2021/11/19 22:41:40 [notice] 1#1: worker process 35 exited with code 0
2021/11/19 22:41:40 [notice] 1#1: worker process 37 exited with code 0
2021/11/19 22:41:40 [notice] 1#1: worker process 32 exited with code 0
2021/11/19 22:41:40 [notice] 1#1: worker process 38 exited with code 0
2021/11/19 22:41:40 [notice] 1#1: signal 29 (SIGIO) received
2021/11/19 22:41:40 [notice] 1#1: signal 17 (SIGCHLD) received from 37
2021/11/19 22:41:40 [notice] 1#1: signal 17 (SIGCHLD) received from 33
2021/11/19 22:41:40 [notice] 1#1: worker process 33 exited with code 0
2021/11/19 22:41:40 [notice] 1#1: signal 29 (SIGIO) received
2021/11/19 22:41:40 [notice] 1#1: signal 17 (SIGCHLD) received from 34
2021/11/19 22:41:40 [notice] 1#1: worker process 34 exited with code 0
2021/11/19 22:41:40 [notice] 1#1: worker process 36 exited with code 0
2021/11/19 22:41:40 [notice] 1#1: exit
